# JRE version: OpenJDK Runtime Environment (17.0.9+9) (build 17.0.9+9-Raspbian-1deb12u1rpt1)
# Java VM: OpenJDK Client VM (17.0.9+9-Raspbian-1deb12u1rpt1, mixed mode, emulated-client, serial gc, linux-arm)
GC Precious Log:
 CPUs: 4 total, 4 available
 Memory: 921M
 Large Page Support: Disabled
 NUMA Support: Disabled
 Compressed Oops: Disabled
 Heap Min Capacity: 6M
 Heap Initial Capacity: 16M
 Heap Max Capacity: 232M
 Pre-touch: Disabled
Heap:
 def new generation   total 4864K, used 582K [0x65600000, 0x65b40000, 0x6a340000)
  eden space 4352K,   2% used [0x65600000, 0x6561f928, 0x65a40000)
  from space 512K,  89% used [0x65a40000, 0x65ab2030, 0x65ac0000)
  to   space 512K,   0% used [0x65ac0000, 0x65ac0000, 0x65b40000)
 tenured generation   total 11008K, used 988K [0x6a340000, 0x6ae00000, 0x73e00000)
   the space 11008K,   8% used [0x6a340000, 0x6a437358, 0x6a437400, 0x6ae00000)
 Metaspace       used 6604K, committed 6720K, reserved 16384K
GC Heap History (4 events):
Event: 1.158 GC heap before
{Heap before GC invocations=0 (full 0):
 def new generation   total 4864K, used 4352K [0x65600000, 0x65b40000, 0x6a340000)
  eden space 4352K, 100% used [0x65600000, 0x65a40000, 0x65a40000)
  from space 512K,   0% used [0x65a40000, 0x65a40000, 0x65ac0000)
  to   space 512K,   0% used [0x65ac0000, 0x65ac0000, 0x65b40000)
 tenured generation   total 11008K, used 0K [0x6a340000, 0x6ae00000, 0x73e00000)
   the space 11008K,   0% used [0x6a340000, 0x6a340000, 0x6a340200, 0x6ae00000)
 Metaspace       used 5559K, committed 5632K, reserved 16384K
}
Event: 1.172 GC heap after
{Heap after GC invocations=1 (full 0):
 def new generation   total 4864K, used 512K [0x65600000, 0x65b40000, 0x6a340000)
  eden space 4352K,   0% used [0x65600000, 0x65600000, 0x65a40000)
  from space 512K, 100% used [0x65ac0000, 0x65b40000, 0x65b40000)
  to   space 512K,   0% used [0x65a40000, 0x65a40000, 0x65ac0000)
 tenured generation   total 11008K, used 479K [0x6a340000, 0x6ae00000, 0x73e00000)
   the space 11008K,   4% used [0x6a340000, 0x6a3b7c48, 0x6a3b7e00, 0x6ae00000)
 Metaspace       used 5559K, committed 5632K, reserved 16384K
}
Event: 62.842 GC heap before
{Heap before GC invocations=1 (full 0):
 def new generation   total 4864K, used 4864K [0x65600000, 0x65b40000, 0x6a340000)
  eden space 4352K, 100% used [0x65600000, 0x65a40000, 0x65a40000)
  from space 512K, 100% used [0x65ac0000, 0x65b40000, 0x65b40000)
  to   space 512K,   0% used [0x65a40000, 0x65a40000, 0x65ac0000)
 tenured generation   total 11008K, used 479K [0x6a340000, 0x6ae00000, 0x73e00000)
   the space 11008K,   4% used [0x6a340000, 0x6a3b7c48, 0x6a3b7e00, 0x6ae00000)
 Metaspace       used 6602K, committed 6720K, reserved 16384K
}
Event: 62.862 GC heap after
{Heap after GC invocations=2 (full 0):
 def new generation   total 4864K, used 456K [0x65600000, 0x65b40000, 0x6a340000)
  eden space 4352K,   0% used [0x65600000, 0x65600000, 0x65a40000)
  from space 512K,  89% used [0x65a40000, 0x65ab2030, 0x65ac0000)
  to   space 512K,   0% used [0x65ac0000, 0x65ac0000, 0x65b40000)
 tenured generation   total 11008K, used 988K [0x6a340000, 0x6ae00000, 0x73e00000)
   the space 11008K,   8% used [0x6a340000, 0x6a437358, 0x6a437400, 0x6ae00000)
 Metaspace       used 6602K, committed 6720K, reserved 16384K
}

